Added Component: Designator=C1(RAD-0.1)
Added Component: Designator=C2(RAD-0.1)
Added Component: Designator=D1(DO-41)
Added Component: Designator=D2(DO-41)
Added Component: Designator=D3(DO-41)
Added Component: Designator=D4(DO-41)
Added Component: Designator=D5(DO-41)
Added Component: Designator=D6(DO-41)
Added Component: Designator=D7(DO-41)
Added Component: Designator=D8(DO-41)
Added Component: Designator=P2(HDR1X2)
Added Component: Designator=P3(HDR1X2)
Added Component: Designator=P4(HDR1X2)
Added Component: Designator=P5(HDR1X2)
Added Component: Designator=Q1(TO-226-AA)
Added Component: Designator=Q2(TO-226-AA)
Added Component: Designator=Q3(TO-92)
Added Component: Designator=Q4(TO-92)
Added Component: Designator=Q5(TO-92)
Added Component: Designator=Q6(TO-226-AA)
Added Component: Designator=Q7(TO-92)
Added Component: Designator=Q8(TO-226-AA)
Added Component: Designator=R1(AXIAL-0.3)
Added Component: Designator=R2(AXIAL-0.3)
Added Component: Designator=R3(AXIAL-0.3)
Added Component: Designator=R4(AXIAL-0.3)
Added Component: Designator=R5(AXIAL-0.3)
Added Component: Designator=R6(AXIAL-0.3)
Added Component: Designator=R7(AXIAL-0.3)
Added Component: Designator=R8(AXIAL-0.3)
Added Component: Designator=U1(KC03)
Added Component: Designator=U3(N014)
Added Pin To Net: NetName=GND Pin=C1-1
Added Pin To Net: NetName=VS Pin=C1-2
Added Pin To Net: NetName=GND Pin=C2-1
Added Pin To Net: NetName=VCC Pin=C2-2
Added Pin To Net: NetName=S1M1 Pin=D1-1
Added Pin To Net: NetName=VS Pin=D1-2
Added Pin To Net: NetName=GND Pin=D2-1
Added Pin To Net: NetName=S1M1 Pin=D2-2
Added Pin To Net: NetName=S2M1 Pin=D3-1
Added Pin To Net: NetName=VS Pin=D3-2
Added Pin To Net: NetName=GND Pin=D4-1
Added Pin To Net: NetName=S2M1 Pin=D4-2
Added Pin To Net: NetName=S1M2 Pin=D5-1
Added Pin To Net: NetName=VS Pin=D5-2
Added Pin To Net: NetName=GND Pin=D6-1
Added Pin To Net: NetName=S1M2 Pin=D6-2
Added Pin To Net: NetName=S2M2 Pin=D7-1
Added Pin To Net: NetName=VS Pin=D7-2
Added Pin To Net: NetName=GND Pin=D8-1
Added Pin To Net: NetName=S2M2 Pin=D8-2
Added Pin To Net: NetName=GND Pin=P2-1
Added Pin To Net: NetName=VS Pin=P2-2
Added Pin To Net: NetName=S1M1 Pin=P3-1
Added Pin To Net: NetName=S2M1 Pin=P3-2
Added Pin To Net: NetName=S1M2 Pin=P4-1
Added Pin To Net: NetName=S2M2 Pin=P4-2
Added Pin To Net: NetName=SENTIDO 2 Pin=P5-1
Added Pin To Net: NetName=SENTIDO 1 Pin=P5-2
Added Pin To Net: NetName=S1M1 Pin=Q1-1
Added Pin To Net: NetName=NetQ1_2 Pin=Q1-2
Added Pin To Net: NetName=GND Pin=Q1-3
Added Pin To Net: NetName=S2M1 Pin=Q2-1
Added Pin To Net: NetName=NetQ2_2 Pin=Q2-2
Added Pin To Net: NetName=GND Pin=Q2-3
Added Pin To Net: NetName=S1M1 Pin=Q3-1
Added Pin To Net: NetName=NetQ3_2 Pin=Q3-2
Added Pin To Net: NetName=VS Pin=Q3-3
Added Pin To Net: NetName=S2M1 Pin=Q4-1
Added Pin To Net: NetName=NetQ4_2 Pin=Q4-2
Added Pin To Net: NetName=VS Pin=Q4-3
Added Pin To Net: NetName=S1M2 Pin=Q5-1
Added Pin To Net: NetName=NetQ5_2 Pin=Q5-2
Added Pin To Net: NetName=VS Pin=Q5-3
Added Pin To Net: NetName=S1M2 Pin=Q6-1
Added Pin To Net: NetName=NetQ6_2 Pin=Q6-2
Added Pin To Net: NetName=GND Pin=Q6-3
Added Pin To Net: NetName=S2M2 Pin=Q7-1
Added Pin To Net: NetName=NetQ7_2 Pin=Q7-2
Added Pin To Net: NetName=VS Pin=Q7-3
Added Pin To Net: NetName=S2M2 Pin=Q8-1
Added Pin To Net: NetName=NetQ8_2 Pin=Q8-2
Added Pin To Net: NetName=GND Pin=Q8-3
Added Pin To Net: NetName=SENTIDO 21 Pin=R1-1
Added Pin To Net: NetName=NetQ3_2 Pin=R1-2
Added Pin To Net: NetName=NetQ1_2 Pin=R2-1
Added Pin To Net: NetName=SENTIDO 21 Pin=R2-2
Added Pin To Net: NetName=SENTIDO 1 Pin=R3-1
Added Pin To Net: NetName=NetQ4_2 Pin=R3-2
Added Pin To Net: NetName=NetQ2_2 Pin=R4-1
Added Pin To Net: NetName=SENTIDO 1 Pin=R4-2
Added Pin To Net: NetName=SENTIDO 22 Pin=R5-1
Added Pin To Net: NetName=NetQ5_2 Pin=R5-2
Added Pin To Net: NetName=NetQ6_2 Pin=R6-1
Added Pin To Net: NetName=SENTIDO 22 Pin=R6-2
Added Pin To Net: NetName=SENTIDO 2 Pin=R7-1
Added Pin To Net: NetName=NetQ7_2 Pin=R7-2
Added Pin To Net: NetName=NetQ8_2 Pin=R8-1
Added Pin To Net: NetName=SENTIDO 2 Pin=R8-2
Added Pin To Net: NetName=VS Pin=U1-1
Added Pin To Net: NetName=GND Pin=U1-2
Added Pin To Net: NetName=VCC Pin=U1-3
Added Pin To Net: NetName=SENTIDO 1 Pin=U3-1
Added Pin To Net: NetName=SENTIDO 21 Pin=U3-2
Added Pin To Net: NetName=GND Pin=U3-7
Added Pin To Net: NetName=SENTIDO 22 Pin=U3-8
Added Pin To Net: NetName=SENTIDO 2 Pin=U3-9
Added Pin To Net: NetName=VCC Pin=U3-14
Added Member To Class: ClassName=Esquematico Member=Component C1 Cap
Added Member To Class: ClassName=Esquematico Member=Component C2 Cap
Added Member To Class: ClassName=Esquematico Member=Component D1 Diode 1N4004
Added Member To Class: ClassName=Esquematico Member=Component D2 Diode 1N4004
Added Member To Class: ClassName=Esquematico Member=Component D3 Diode 1N4004
Added Member To Class: ClassName=Esquematico Member=Component D4 Diode 1N4004
Added Member To Class: ClassName=Esquematico Member=Component D5 Diode 1N4004
Added Member To Class: ClassName=Esquematico Member=Component D6 Diode 1N4004
Added Member To Class: ClassName=Esquematico Member=Component D7 Diode 1N4004
Added Member To Class: ClassName=Esquematico Member=Component D8 Diode 1N4004
Added Member To Class: ClassName=Esquematico Member=Component P2 Header 2
Added Member To Class: ClassName=Esquematico Member=Component P3 Header 2
Added Member To Class: ClassName=Esquematico Member=Component P4 Header 2
Added Member To Class: ClassName=Esquematico Member=Component P5 Header 2
Added Member To Class: ClassName=Esquematico Member=Component Q1 NPN
Added Member To Class: ClassName=Esquematico Member=Component Q2 NPN
Added Member To Class: ClassName=Esquematico Member=Component Q3 PNP
Added Member To Class: ClassName=Esquematico Member=Component Q4 PNP
Added Member To Class: ClassName=Esquematico Member=Component Q5 PNP
Added Member To Class: ClassName=Esquematico Member=Component Q6 NPN
Added Member To Class: ClassName=Esquematico Member=Component Q7 PNP
Added Member To Class: ClassName=Esquematico Member=Component Q8 NPN
Added Member To Class: ClassName=Esquematico Member=Component R1 Res1
Added Member To Class: ClassName=Esquematico Member=Component R2 Res1
Added Member To Class: ClassName=Esquematico Member=Component R3 Res1
Added Member To Class: ClassName=Esquematico Member=Component R4 Res1
Added Member To Class: ClassName=Esquematico Member=Component R5 Res1
Added Member To Class: ClassName=Esquematico Member=Component R6 Res1
Added Member To Class: ClassName=Esquematico Member=Component R7 Res1
Added Member To Class: ClassName=Esquematico Member=Component R8 Res1
Added Member To Class: ClassName=Esquematico Member=Component U1 µA7805CKC
Added Member To Class: ClassName=Esquematico Member=Component U3 SN74F04N
Added Room: Name=Esquematico
