Added Component: Designator=C1(RAD-0.1)
Added Component: Designator=C2(RAD-0.1)
Added Component: Designator=C3(RAD-0.1)
Added Component: Designator=D1(DO-201AD)
Added Component: Designator=D2(DO-201AD)
Added Component: Designator=D3(DO-201AD)
Added Component: Designator=D4(DO-201AD)
Added Component: Designator=D5(DO-201AD)
Added Component: Designator=D6(DO-201AD)
Added Component: Designator=D7(DO-201AD)
Added Component: Designator=D8(DO-201AD)
Added Component: Designator=P1(HDR1X4)
Added Component: Designator=P2(HDR1X2)
Added Component: Designator=U1(KC03)
Added Component: Designator=U2(Multiwatt15V)
Added Component: Designator=U3(N014)
Added Pin To Net: NetName=GND Pin=C1-1
Added Pin To Net: NetName=VS Pin=C1-2
Added Pin To Net: NetName=GND Pin=C2-1
Added Pin To Net: NetName=VSS Pin=C2-2
Added Pin To Net: NetName=GND Pin=C3-1
Added Pin To Net: NetName=VS Pin=C3-2
Added Pin To Net: NetName=S1M1 Pin=D1-1
Added Pin To Net: NetName=VS Pin=D1-2
Added Pin To Net: NetName=GND Pin=D2-1
Added Pin To Net: NetName=S1M1 Pin=D2-2
Added Pin To Net: NetName=S2M1 Pin=D3-1
Added Pin To Net: NetName=VS Pin=D3-2
Added Pin To Net: NetName=GND Pin=D4-1
Added Pin To Net: NetName=S2M1 Pin=D4-2
Added Pin To Net: NetName=S1M2 Pin=D5-1
Added Pin To Net: NetName=VS Pin=D5-2
Added Pin To Net: NetName=GND Pin=D6-1
Added Pin To Net: NetName=S1M2 Pin=D6-2
Added Pin To Net: NetName=S2M2 Pin=D7-1
Added Pin To Net: NetName=VS Pin=D7-2
Added Pin To Net: NetName=GND Pin=D8-1
Added Pin To Net: NetName=S2M2 Pin=D8-2
Added Pin To Net: NetName=PWM 2 Pin=P1-1
Added Pin To Net: NetName=PWM 1 Pin=P1-2
Added Pin To Net: NetName=SENTIDO 2 Pin=P1-3
Added Pin To Net: NetName=SENTIDO 1 Pin=P1-4
Added Pin To Net: NetName=GND Pin=P2-1
Added Pin To Net: NetName=VS Pin=P2-2
Added Pin To Net: NetName=VS Pin=U1-1
Added Pin To Net: NetName=GND Pin=U1-2
Added Pin To Net: NetName=VSS Pin=U1-3
Added Pin To Net: NetName=S1M1 Pin=U2-2
Added Pin To Net: NetName=S2M1 Pin=U2-3
Added Pin To Net: NetName=VS Pin=U2-4
Added Pin To Net: NetName=SENTIDO 1 Pin=U2-5
Added Pin To Net: NetName=PWM 1 Pin=U2-6
Added Pin To Net: NetName=NetU2_7 Pin=U2-7
Added Pin To Net: NetName=GND Pin=U2-8
Added Pin To Net: NetName=VSS Pin=U2-9
Added Pin To Net: NetName=SENTIDO 2 Pin=U2-10
Added Pin To Net: NetName=PWM 2 Pin=U2-11
Added Pin To Net: NetName=NetU2_12 Pin=U2-12
Added Pin To Net: NetName=S1M2 Pin=U2-13
Added Pin To Net: NetName=S2M2 Pin=U2-14
Added Pin To Net: NetName=SENTIDO 1 Pin=U3-1
Added Pin To Net: NetName=NetU2_7 Pin=U3-2
Added Pin To Net: NetName=SENTIDO 2 Pin=U3-3
Added Pin To Net: NetName=NetU2_12 Pin=U3-4
Added Pin To Net: NetName=GND Pin=U3-7
Added Pin To Net: NetName=VCC Pin=U3-14
Added Member To Class: ClassName=Esquematico Member=Component C1 Cap
Added Member To Class: ClassName=Esquematico Member=Component C2 Cap
Added Member To Class: ClassName=Esquematico Member=Component C3 Cap
Added Member To Class: ClassName=Esquematico Member=Component D1 Diode 1N5822
Added Member To Class: ClassName=Esquematico Member=Component D2 Diode 1N5822
Added Member To Class: ClassName=Esquematico Member=Component D3 Diode 1N5822
Added Member To Class: ClassName=Esquematico Member=Component D4 Diode 1N5822
Added Member To Class: ClassName=Esquematico Member=Component D5 Diode 1N5822
Added Member To Class: ClassName=Esquematico Member=Component D6 Diode 1N5822
Added Member To Class: ClassName=Esquematico Member=Component D7 Diode 1N5822
Added Member To Class: ClassName=Esquematico Member=Component D8 Diode 1N5822
Added Member To Class: ClassName=Esquematico Member=Component P1 Header 4
Added Member To Class: ClassName=Esquematico Member=Component P2 Header 2
Added Member To Class: ClassName=Esquematico Member=Component U1 µA7805CKC
Added Member To Class: ClassName=Esquematico Member=Component U2 L298N
Added Member To Class: ClassName=Esquematico Member=Component U3 SN74F04N
Added Room: Name=Esquematico
