Removed Pin From Net: NetName=GND Pin=C1-1
Removed Pin From Net: NetName=VS Pin=C1-2
Removed Pin From Net: NetName=VS Pin=P2-2
Removed Pin From Net: NetName=S1M1 Pin=Q1-1
Removed Pin From Net: NetName=GND Pin=Q1-3
Removed Pin From Net: NetName=S2M1 Pin=Q2-1
Removed Pin From Net: NetName=GND Pin=Q2-3
Removed Pin From Net: NetName=S1M1 Pin=Q3-1
Removed Pin From Net: NetName=VS Pin=Q3-3
Removed Pin From Net: NetName=S2M1 Pin=Q4-1
Removed Pin From Net: NetName=VS Pin=Q4-3
Removed Pin From Net: NetName=S1M2 Pin=Q5-1
Removed Pin From Net: NetName=VS Pin=Q5-3
Removed Pin From Net: NetName=S1M2 Pin=Q6-1
Removed Pin From Net: NetName=GND Pin=Q6-3
Removed Pin From Net: NetName=S2M2 Pin=Q7-1
Removed Pin From Net: NetName=VS Pin=Q7-3
Removed Pin From Net: NetName=S2M2 Pin=Q8-1
Removed Pin From Net: NetName=GND Pin=Q8-3
Removed Pin From Net: NetName=NetQ5_2 Pin=R5-2
Removed Pin From Net: NetName=NetQ6_2 Pin=R6-1
Removed Pin From Net: NetName=NetQ7_2 Pin=R7-2
Removed Pin From Net: NetName=NetQ8_2 Pin=R8-1
Removed Pin From Net: NetName=VS Pin=U1-1
Removed Pin From Net: NetName=GND Pin=U1-2
Removed Pin From Net: NetName=VCC Pin=U1-3
Removed Pin From Net: NetName=SENTIDO 1 Pin=U3-1
Removed Pin From Net: NetName=SENTIDO 21 Pin=U3-2
Removed Pin From Net: NetName=GND Pin=U3-7
Removed Pin From Net: NetName=SENTIDO 22 Pin=U3-8
Removed Pin From Net: NetName=VCC Pin=U3-14
Removed Member From Class: ClassName=Esquematico Member=C1
Removed Member From Class: ClassName=Esquematico Member=U1
Removed Member From Class: ClassName=Esquematico Member=U3
Change Component DesignItemId : Designator=Q1 Old DesignItemId=NPN New DesignItemId=BC548
Change Component DesignItemId : Designator=Q2 Old DesignItemId=NPN New DesignItemId=BC548
Change Component DesignItemId : Designator=Q6 Old DesignItemId=NPN New DesignItemId=BC548
Change Component DesignItemId : Designator=Q8 Old DesignItemId=NPN New DesignItemId=BC558
Change Component DesignItemId : Designator=Q5 Old DesignItemId=PNP New DesignItemId=BC548
Change Component DesignItemId : Designator=Q3 Old DesignItemId=PNP New DesignItemId=BC558
Change Component DesignItemId : Designator=Q4 Old DesignItemId=PNP New DesignItemId=BC558
Change Component DesignItemId : Designator=Q7 Old DesignItemId=PNP New DesignItemId=BC558
Change Component Footprint: Designator=Q1 Old Footprint=TO-226-AA New Footprint=TO-92
Change Component Footprint: Designator=Q2 Old Footprint=TO-226-AA New Footprint=TO-92
Change Component Footprint: Designator=Q6 Old Footprint=TO-226-AA New Footprint=TO-92
Change Component Footprint: Designator=Q8 Old Footprint=TO-226-AA New Footprint=TO-92
Change Component Comment : Designator=Q1 Old Comment=NPN New Comment=BC548
Change Component Comment : Designator=Q2 Old Comment=NPN New Comment=BC548
Change Component Comment : Designator=Q6 Old Comment=NPN New Comment=BC548
Change Component Comment : Designator=Q8 Old Comment=NPN New Comment=BC558
Change Component Comment : Designator=Q5 Old Comment=PNP New Comment=BC548
Change Component Comment : Designator=Q3 Old Comment=PNP New Comment=BC558
Change Component Comment : Designator=Q4 Old Comment=PNP New Comment=BC558
Change Component Comment : Designator=Q7 Old Comment=PNP New Comment=BC558
Change Component Description : Designator=Q5 Old Description=PNP Bipolar Transistor New Description=NPN General Purpose Amplifier
Change Component Library : Designator=Q3 Old Library=Miscellaneous Devices.IntLib New Library=Components.SchLib
Change Component Library : Designator=Q4 Old Library=Miscellaneous Devices.IntLib New Library=Components.SchLib
Change Component Library : Designator=Q5 Old Library=Miscellaneous Devices.IntLib New Library=Components.SchLib
Change Component Library : Designator=Q7 Old Library=Miscellaneous Devices.IntLib New Library=Components.SchLib
Added Component: Designator=P1(HDR1X2)
Added Pin To Net: NetName=SENTIDO 22 Pin=P1-1
Added Pin To Net: NetName=VCC Pin=P2-2
Added Pin To Net: NetName=SENTIDO 21 Pin=P5-1
Added Pin To Net: NetName=GND Pin=Q1-1
Added Pin To Net: NetName=S1M1 Pin=Q1-3
Added Pin To Net: NetName=GND Pin=Q2-1
Added Pin To Net: NetName=S2M1 Pin=Q2-3
Added Pin To Net: NetName=VS Pin=Q3-1
Added Pin To Net: NetName=S1M1 Pin=Q3-3
Added Pin To Net: NetName=VS Pin=Q4-1
Added Pin To Net: NetName=S2M1 Pin=Q4-3
Added Pin To Net: NetName=GND Pin=Q5-1
Added Pin To Net: NetName=S1M2 Pin=Q5-3
Added Pin To Net: NetName=GND Pin=Q6-1
Added Pin To Net: NetName=S2M2 Pin=Q6-3
Added Pin To Net: NetName=VS Pin=Q7-1
Added Pin To Net: NetName=S1M2 Pin=Q7-3
Added Pin To Net: NetName=VS Pin=Q8-1
Added Pin To Net: NetName=S2M2 Pin=Q8-3
Added Pin To Net: NetName=NetQ7_2 Pin=R5-2
Added Pin To Net: NetName=NetQ5_2 Pin=R6-1
Added Pin To Net: NetName=NetQ8_2 Pin=R7-2
Added Pin To Net: NetName=NetQ6_2 Pin=R8-1
Change Net Name : Old Net Name=SENTIDO 1 New Net Name=SENTIDO 11
Added Pin To Net: NetName=SENTIDO 12 Pin=P1-2
Added Pin To Net: NetName=SENTIDO 12 Pin=R7-1
Added Pin To Net: NetName=SENTIDO 12 Pin=R8-2
Added Net: Name=SENTIDO 12
Added Member To Class: ClassName=Esquematico Member=Component P1 Header 2
Added Room: Name=Esquematico
