Added Component: Designator=C1(RAD-0.3)
Added Component: Designator=C2(RAD-0.3)
Added Component: Designator=P1(HDR2X5)
Added Component: Designator=P2(HDR1X3)
Added Component: Designator=R1(AXIAL-0.3)
Added Component: Designator=R2(AXIAL-0.3)
Added Component: Designator=U?(648-08)
Added Pin To Net: NetName=GND Pin=C1-1
Added Pin To Net: NetName=VCC Pin=C1-2
Added Pin To Net: NetName=NetC2_1 Pin=C2-1
Added Pin To Net: NetName=NetC2_2 Pin=C2-2
Added Pin To Net: NetName=GND Pin=P1-1
Added Pin To Net: NetName=NetP1_2 Pin=P1-2
Added Pin To Net: NetName=GND Pin=P1-3
Added Pin To Net: NetName=NetP1_4 Pin=P1-4
Added Pin To Net: NetName=GND Pin=P1-5
Added Pin To Net: NetName=NetP1_6 Pin=P1-6
Added Pin To Net: NetName=GND Pin=P1-7
Added Pin To Net: NetName=NetP1_8 Pin=P1-8
Added Pin To Net: NetName=GND Pin=P1-9
Added Pin To Net: NetName=NetP1_10 Pin=P1-10
Added Pin To Net: NetName=VCC Pin=P2-1
Added Pin To Net: NetName=NetP2_2 Pin=P2-2
Added Pin To Net: NetName=GND Pin=P2-3
Added Pin To Net: NetName=NetR1_1 Pin=R1-1
Added Pin To Net: NetName=NetC2_2 Pin=R1-2
Added Pin To Net: NetName=NetR2_1 Pin=R2-1
Added Pin To Net: NetName=NetC2_2 Pin=R2-2
Added Pin To Net: NetName=NetP1_2 Pin=U?-1
Added Pin To Net: NetName=NetP1_4 Pin=U?-2
Added Pin To Net: NetName=NetP1_6 Pin=U?-3
Added Pin To Net: NetName=NetP1_8 Pin=U?-4
Added Pin To Net: NetName=NetP1_10 Pin=U?-5
Added Pin To Net: NetName=IN1 Pin=U?-6
Added Pin To Net: NetName=IN2 Pin=U?-7
Added Pin To Net: NetName=GND Pin=U?-8
Added Pin To Net: NetName=IN3 Pin=U?-9
Added Pin To Net: NetName=IN4 Pin=U?-10
Added Pin To Net: NetName=NetR2_1 Pin=U?-11
Added Pin To Net: NetName=NetC2_1 Pin=U?-12
Added Pin To Net: NetName=NetR1_1 Pin=U?-13
Added Pin To Net: NetName=GND Pin=U?-14
Added Pin To Net: NetName=NetP2_2 Pin=U?-15
Added Pin To Net: NetName=VCC Pin=U?-16
Added Class: Name=Esquematico
Added Room: Name=Esquematico
