Added Component: Designator=C1(RAD-0.2)
Added Component: Designator=C2(RAD-0.2)
Added Component: Designator=D1(LED)
Added Component: Designator=D1(LED)
Added Component: Designator=P1(HDR1X3)
Added Component: Designator=Q1(TO-220-AB)
Added Component: Designator=Q1(TO-220-AB)
Added Component: Designator=Q1(TO-220-AB)
Added Component: Designator=R1(AXIAL-0.4)
Added Component: Designator=R2(AXIAL-0.4)
Added Component: Designator=U1(P008)
Added Component: Designator=U2(N014)
Added Pin To Net: NetName=DISC Pin=R1-2
Added Pin To Net: NetName=DISC Pin=R2-1
Added Pin To Net: NetName=DISC Pin=U1-7
Added Net: Name=DISC
Added Pin To Net: NetName=GND Pin=C1-1
Added Pin To Net: NetName=GND Pin=C2-1
Added Pin To Net: NetName=GND Pin=P1-3
Added Pin To Net: NetName=GND Pin=Q1-1
Added Pin To Net: NetName=GND Pin=U1-1
Added Pin To Net: NetName=GND Pin=U2-7
Added Net: Name=GND
Added Pin To Net: NetName=NetC1_2 Pin=C1-2
Added Pin To Net: NetName=NetC1_2 Pin=C2-2
Added Pin To Net: NetName=NetC1_2 Pin=U1-5
Added Net: Name=NetC1_2
Added Pin To Net: NetName=NetD1_1 Pin=Q1-1
Added Net: Name=NetD1_1
Added Pin To Net: NetName=NetD1_2 Pin=Q1-2
Added Net: Name=NetD1_2
Added Pin To Net: NetName=NetP1_2 Pin=P1-2
Added Pin To Net: NetName=NetP1_2 Pin=U2-2
Added Net: Name=NetP1_2
Added Pin To Net: NetName=NetQ1_1 Pin=Q1-1
Added Pin To Net: NetName=NetQ1_1 Pin=Q1-2
Added Net: Name=NetQ1_1
Added Pin To Net: NetName=NetQ1_2 Pin=Q1-2
Added Pin To Net: NetName=NetQ1_2 Pin=U1-3
Added Net: Name=NetQ1_2
Added Pin To Net: NetName=NetQ1_3 Pin=Q1-3
Added Pin To Net: NetName=NetQ1_3 Pin=U2-1
Added Net: Name=NetQ1_3
Added Pin To Net: NetName=NetR1_1 Pin=R1-1
Added Pin To Net: NetName=NetR1_1 Pin=U1-2
Added Pin To Net: NetName=NetR1_1 Pin=U1-6
Added Net: Name=NetR1_1
Added Pin To Net: NetName=VCC Pin=P1-1
Added Pin To Net: NetName=VCC Pin=U1-8
Added Pin To Net: NetName=VCC Pin=U2-14
Added Net: Name=VCC
