Added Component: Designator=C1(0402)
Added Component: Designator=C2(0402)
Added Component: Designator=C3(0402)
Added Component: Designator=C4(0402)
Added Component: Designator=C5(0402)
Added Component: Designator=C6(0402)
Added Component: Designator=C7(0402)
Added Component: Designator=C8(0402)
Added Component: Designator=C9(0402)
Added Component: Designator=C11(0402)
Added Component: Designator=C12(0402)
Added Component: Designator=C13(0402)
Added Component: Designator=D1(SOD-323)
Added Component: Designator=D2(1.6X0.8X0.6)
Added Component: Designator=E1(TermIma)
Added Component: Designator=E2(TermIma)
Added Component: Designator=E3(TermIma)
Added Component: Designator=E4(TermIma)
Added Component: Designator=E5(TermIma)
Added Component: Designator=E6(TermIma)
Added Component: Designator=E7(TermIma)
Added Component: Designator=E8(TermIma)
Added Component: Designator=E9(TermIma)
Added Component: Designator=E10(TermIma)
Added Component: Designator=E11(TermIma)
Added Component: Designator=E12(TermIma)
Added Component: Designator=H1(ZX62RD-AB-5P8)
Added Component: Designator=R1(J1-0603)
Added Component: Designator=R2(J1-0603)
Added Component: Designator=R3(J1-0603)
Added Component: Designator=R6(J1-0603)
Added Component: Designator=R9(J1-0603)
Added Component: Designator=R10(J1-0603)
Added Component: Designator=S1(SPST-2)
Added Component: Designator=U1(32A_N)
Added Component: Designator=U2(SOP16)
Added Component: Designator=U3(ZZ311)
Added Component: Designator=U4(DFN-MF10)
Added Component: Designator=U5(TO-92-TO3)
Added Component: Designator=Y1(X3-SMD-3.6X1.3X0.8MM)
Added Component: Designator=Y2(X3-SMD-3.6X1.3X0.8MM)
Added Pin To Net: NetName=GND Pin=C1-1
Added Pin To Net: NetName=GND Pin=C3-1
Added Pin To Net: NetName=GND Pin=C4-1
Added Pin To Net: NetName=GND Pin=C5-1
Added Pin To Net: NetName=VCC Pin=C5-2
Added Pin To Net: NetName=GND Pin=C6-1
Added Pin To Net: NetName=GND Pin=C7-1
Added Pin To Net: NetName=GND Pin=C8-2
Added Pin To Net: NetName=GND Pin=C9-1
Added Pin To Net: NetName=VCC Pin=C9-2
Added Pin To Net: NetName=GND Pin=C11-1
Added Pin To Net: NetName=VCC Pin=C11-2
Added Pin To Net: NetName=GND Pin=C12-1
Added Pin To Net: NetName=VCC Pin=C12-2
Added Pin To Net: NetName=GND Pin=C13-1
Added Pin To Net: NetName=VCC Pin=C13-2
Added Pin To Net: NetName=VCC Pin=D1-1
Added Pin To Net: NetName=GND Pin=D2-2
Added Pin To Net: NetName=D13 Pin=E1-1
Added Pin To Net: NetName=D13 Pin=E1-1
Added Pin To Net: NetName=D13 Pin=E1-1
Added Pin To Net: NetName=D13 Pin=E1-1
Added Pin To Net: NetName=D13 Pin=E1-1
Added Pin To Net: NetName=D12 Pin=E2-1
Added Pin To Net: NetName=D12 Pin=E2-1
Added Pin To Net: NetName=D12 Pin=E2-1
Added Pin To Net: NetName=D12 Pin=E2-1
Added Pin To Net: NetName=D12 Pin=E2-1
Added Pin To Net: NetName=D11 Pin=E3-1
Added Pin To Net: NetName=D11 Pin=E3-1
Added Pin To Net: NetName=D11 Pin=E3-1
Added Pin To Net: NetName=D11 Pin=E3-1
Added Pin To Net: NetName=D11 Pin=E3-1
Added Pin To Net: NetName=D9 Pin=E4-1
Added Pin To Net: NetName=D9 Pin=E4-1
Added Pin To Net: NetName=D9 Pin=E4-1
Added Pin To Net: NetName=D9 Pin=E4-1
Added Pin To Net: NetName=D9 Pin=E4-1
Added Pin To Net: NetName=D8 Pin=E5-1
Added Pin To Net: NetName=D8 Pin=E5-1
Added Pin To Net: NetName=D8 Pin=E5-1
Added Pin To Net: NetName=D8 Pin=E5-1
Added Pin To Net: NetName=D8 Pin=E5-1
Added Pin To Net: NetName=VCC Pin=E6-1
Added Pin To Net: NetName=VCC Pin=E6-1
Added Pin To Net: NetName=VCC Pin=E6-1
Added Pin To Net: NetName=VCC Pin=E6-1
Added Pin To Net: NetName=VCC Pin=E6-1
Added Pin To Net: NetName=GND Pin=E7-1
Added Pin To Net: NetName=GND Pin=E7-1
Added Pin To Net: NetName=GND Pin=E7-1
Added Pin To Net: NetName=GND Pin=E7-1
Added Pin To Net: NetName=GND Pin=E7-1
Added Pin To Net: NetName=D3 Pin=E8-1
Added Pin To Net: NetName=D3 Pin=E8-1
Added Pin To Net: NetName=D3 Pin=E8-1
Added Pin To Net: NetName=D3 Pin=E8-1
Added Pin To Net: NetName=D3 Pin=E8-1
Added Pin To Net: NetName=D2 Pin=E9-1
Added Pin To Net: NetName=D2 Pin=E9-1
Added Pin To Net: NetName=D2 Pin=E9-1
Added Pin To Net: NetName=D2 Pin=E9-1
Added Pin To Net: NetName=D2 Pin=E9-1
Added Pin To Net: NetName=A2 Pin=E10-1
Added Pin To Net: NetName=A2 Pin=E10-1
Added Pin To Net: NetName=A2 Pin=E10-1
Added Pin To Net: NetName=A2 Pin=E10-1
Added Pin To Net: NetName=A2 Pin=E10-1
Added Pin To Net: NetName=A1 Pin=E11-1
Added Pin To Net: NetName=A1 Pin=E11-1
Added Pin To Net: NetName=A1 Pin=E11-1
Added Pin To Net: NetName=A1 Pin=E11-1
Added Pin To Net: NetName=A1 Pin=E11-1
Added Pin To Net: NetName=A0 Pin=E12-1
Added Pin To Net: NetName=A0 Pin=E12-1
Added Pin To Net: NetName=A0 Pin=E12-1
Added Pin To Net: NetName=A0 Pin=E12-1
Added Pin To Net: NetName=A0 Pin=E12-1
Added Pin To Net: NetName=GND Pin=H1-5
Added Pin To Net: NetName=VCC Pin=R3-2
Added Pin To Net: NetName=VCC Pin=R6-1
Added Pin To Net: NetName=GND Pin=S1-2
Added Pin To Net: NetName=D3 Pin=U1-1
Added Pin To Net: NetName=GND Pin=U1-3
Added Pin To Net: NetName=VCC Pin=U1-4
Added Pin To Net: NetName=GND Pin=U1-5
Added Pin To Net: NetName=VCC Pin=U1-6
Added Pin To Net: NetName=D8 Pin=U1-12
Added Pin To Net: NetName=D9 Pin=U1-13
Added Pin To Net: NetName=D11 Pin=U1-15
Added Pin To Net: NetName=D12 Pin=U1-16
Added Pin To Net: NetName=D13 Pin=U1-17
Added Pin To Net: NetName=VCC Pin=U1-18
Added Pin To Net: NetName=GND Pin=U1-21
Added Pin To Net: NetName=A0 Pin=U1-23
Added Pin To Net: NetName=A1 Pin=U1-24
Added Pin To Net: NetName=A2 Pin=U1-25
Added Pin To Net: NetName=D2 Pin=U1-32
Added Pin To Net: NetName=GND Pin=U2-1
Added Pin To Net: NetName=VCC Pin=U2-16
Added Pin To Net: NetName=GND Pin=U3-1
Added Pin To Net: NetName=VCC Pin=U3-2
Added Pin To Net: NetName=VCC Pin=U3-4
Added Pin To Net: NetName=GND Pin=U4-4
Added Pin To Net: NetName=GND Pin=U4-8
Added Pin To Net: NetName=GND Pin=U5-1
Added Pin To Net: NetName=VCC Pin=U5-2
Added Pin To Net: NetName=GND Pin=Y1-2
Added Pin To Net: NetName=GND Pin=Y2-2
Added Pin To Net: NetName=3V3 Pin=C3-2
Added Pin To Net: NetName=3V3 Pin=C7-2
Added Pin To Net: NetName=3V3 Pin=C8-1
Added Pin To Net: NetName=3V3 Pin=R9-2
Added Pin To Net: NetName=3V3 Pin=R10-2
Added Pin To Net: NetName=3V3 Pin=U2-4
Added Pin To Net: NetName=3V3 Pin=U4-3
Added Pin To Net: NetName=3V3 Pin=U4-9
Added Net: Name=3V3
Added Pin To Net: NetName=D+ Pin=H1-3
Added Pin To Net: NetName=D+ Pin=U2-5
Added Net: Name=D+
Added Pin To Net: NetName=D- Pin=H1-2
Added Pin To Net: NetName=D- Pin=U2-6
Added Net: Name=D-
Added Pin To Net: NetName=MMA7660_SCL Pin=R10-1
Added Pin To Net: NetName=MMA7660_SCL Pin=U1-28
Added Pin To Net: NetName=MMA7660_SCL Pin=U4-6
Added Net: Name=MMA7660_SCL
Added Pin To Net: NetName=MMA7660_SDA Pin=R9-1
Added Pin To Net: NetName=MMA7660_SDA Pin=U1-27
Added Pin To Net: NetName=MMA7660_SDA Pin=U4-7
Added Net: Name=MMA7660_SDA
Added Pin To Net: NetName=NetC1_2 Pin=C1-2
Added Pin To Net: NetName=NetC1_2 Pin=U1-20
Added Net: Name=NetC1_2
Added Pin To Net: NetName=NetC2_1 Pin=C2-1
Added Pin To Net: NetName=NetC2_1 Pin=U2-13
Added Net: Name=NetC2_1
Added Pin To Net: NetName=NetD2_1 Pin=D2-1
Added Pin To Net: NetName=NetD2_1 Pin=R6-2
Added Net: Name=NetD2_1
Added Pin To Net: NetName=NetR1_1 Pin=R1-1
Added Pin To Net: NetName=NetR1_1 Pin=U1-30
Added Net: Name=NetR1_1
Added Pin To Net: NetName=NetR2_1 Pin=R2-1
Added Pin To Net: NetName=NetR2_1 Pin=U1-31
Added Net: Name=NetR2_1
Added Pin To Net: NetName=NetU1_7 Pin=U1-7
Added Pin To Net: NetName=NetU1_7 Pin=Y1-3
Added Net: Name=NetU1_7
Added Pin To Net: NetName=NetU1_8 Pin=U1-8
Added Pin To Net: NetName=NetU1_8 Pin=Y1-1
Added Net: Name=NetU1_8
Added Pin To Net: NetName=NetU2_7 Pin=U2-7
Added Pin To Net: NetName=NetU2_7 Pin=Y2-3
Added Net: Name=NetU2_7
Added Pin To Net: NetName=NetU2_8 Pin=U2-8
Added Pin To Net: NetName=NetU2_8 Pin=Y2-1
Added Net: Name=NetU2_8
Added Pin To Net: NetName=RESET Pin=C2-2
Added Pin To Net: NetName=RESET Pin=R3-1
Added Pin To Net: NetName=RESET Pin=S1-1
Added Pin To Net: NetName=RESET Pin=U1-29
Added Net: Name=RESET
Added Pin To Net: NetName=RX Pin=R1-2
Added Pin To Net: NetName=RX Pin=U2-2
Added Net: Name=RX
Added Pin To Net: NetName=TMP Pin=U1-26
Added Pin To Net: NetName=TMP Pin=U5-3
Added Net: Name=TMP
Added Pin To Net: NetName=TX Pin=R2-2
Added Pin To Net: NetName=TX Pin=U2-3
Added Net: Name=TX
Added Pin To Net: NetName=VIN Pin=U3-3
Added Net: Name=VIN
Added Pin To Net: NetName=VUSB Pin=C4-2
Added Pin To Net: NetName=VUSB Pin=C6-2
Added Pin To Net: NetName=VUSB Pin=D1-2
Added Pin To Net: NetName=VUSB Pin=H1-1
Added Net: Name=VUSB
Added Member To Class: ClassName=Esquematico Member=Component C1 Cap Semi
Added Member To Class: ClassName=Esquematico Member=Component C2 Cap Semi
Added Member To Class: ClassName=Esquematico Member=Component C3 Cap Semi
Added Member To Class: ClassName=Esquematico Member=Component C4 Cap Semi
Added Member To Class: ClassName=Esquematico Member=Component C5 Cap Semi
Added Member To Class: ClassName=Esquematico Member=Component C6 Cap Semi
Added Member To Class: ClassName=Esquematico Member=Component C7 Cap Semi
Added Member To Class: ClassName=Esquematico Member=Component C8 Cap Semi
Added Member To Class: ClassName=Esquematico Member=Component C9 Cap Semi
Added Member To Class: ClassName=Esquematico Member=Component C11 Cap Semi
Added Member To Class: ClassName=Esquematico Member=Component C12 Cap Semi
Added Member To Class: ClassName=Esquematico Member=Component C13 Cap Semi
Added Member To Class: ClassName=Esquematico Member=Component D1 BAT165
Added Member To Class: ClassName=Esquematico Member=Component D2 Blue
Added Member To Class: ClassName=Esquematico Member=Component E1 EletronIMA
Added Member To Class: ClassName=Esquematico Member=Component E2 EletronIMA
Added Member To Class: ClassName=Esquematico Member=Component E3 EletronIMA
Added Member To Class: ClassName=Esquematico Member=Component E4 EletronIMA
Added Member To Class: ClassName=Esquematico Member=Component E5 EletronIMA
Added Member To Class: ClassName=Esquematico Member=Component E6 EletronIMA
Added Member To Class: ClassName=Esquematico Member=Component E7 EletronIMA
Added Member To Class: ClassName=Esquematico Member=Component E8 EletronIMA
Added Member To Class: ClassName=Esquematico Member=Component E9 EletronIMA
Added Member To Class: ClassName=Esquematico Member=Component E10 EletronIMA
Added Member To Class: ClassName=Esquematico Member=Component E11 EletronIMA
Added Member To Class: ClassName=Esquematico Member=Component E12 EletronIMA
Added Member To Class: ClassName=Esquematico Member=Component H1 USB Soquete
Added Member To Class: ClassName=Esquematico Member=Component R1 Res3
Added Member To Class: ClassName=Esquematico Member=Component R2 Res3
Added Member To Class: ClassName=Esquematico Member=Component R3 Res3
Added Member To Class: ClassName=Esquematico Member=Component R6 Res3
Added Member To Class: ClassName=Esquematico Member=Component R9 Res3
Added Member To Class: ClassName=Esquematico Member=Component R10 Res3
Added Member To Class: ClassName=Esquematico Member=Component S1 SW-PB
Added Member To Class: ClassName=Esquematico Member=Component U1 ATmega328P-AU
Added Member To Class: ClassName=Esquematico Member=Component U2 CH340G
Added Member To Class: ClassName=Esquematico Member=Component U3 REG1117-5
Added Member To Class: ClassName=Esquematico Member=Component U4 MMA7660
Added Member To Class: ClassName=Esquematico Member=Component U5 MCP1702-1202E/TO
Added Member To Class: ClassName=Esquematico Member=Component Y1 16MHz
Added Member To Class: ClassName=Esquematico Member=Component Y2 12MHz
Added Room: Name=Esquematico
