Added Component: Designator=*(Arduino)
Added Pin To Net: NetName=GND Pin=*-4
Added Pin To Net: NetName=GND Pin=*-29
Added Pin To Net: NetName=VCC Pin=*-30
Added Pin To Net: NetName=A0 Pin=*-26
Added Net: Name=A0
Added Pin To Net: NetName=A1 Pin=*-25
Added Net: Name=A1
Added Pin To Net: NetName=A2 Pin=*-24
Added Net: Name=A2
Added Pin To Net: NetName=A3 Pin=*-23
Added Net: Name=A3
Added Pin To Net: NetName=A4 Pin=*-22
Added Net: Name=A4
Added Pin To Net: NetName=A5 Pin=*-21
Added Net: Name=A5
Added Pin To Net: NetName=A6 Pin=*-20
Added Net: Name=A6
Added Pin To Net: NetName=A7 Pin=*-19
Added Net: Name=A7
Added Pin To Net: NetName=D2 Pin=*-5
Added Net: Name=D2
Added Pin To Net: NetName=D3 Pin=*-6
Added Net: Name=D3
Added Pin To Net: NetName=D4 Pin=*-7
Added Net: Name=D4
Added Pin To Net: NetName=D5 Pin=*-8
Added Net: Name=D5
Added Pin To Net: NetName=D6 Pin=*-9
Added Net: Name=D6
Added Pin To Net: NetName=D7 Pin=*-10
Added Net: Name=D7
Added Pin To Net: NetName=D8 Pin=*-11
Added Net: Name=D8
Added Pin To Net: NetName=D9 Pin=*-12
Added Net: Name=D9
Added Pin To Net: NetName=D10 Pin=*-13
Added Net: Name=D10
Added Pin To Net: NetName=D11 Pin=*-14
Added Net: Name=D11
Added Pin To Net: NetName=D12 Pin=*-15
Added Net: Name=D12
Added Pin To Net: NetName=D13 Pin=*-16
Added Net: Name=D13
Added Member To Class: ClassName=Esquematico Member=Component * ArduinoNANO
Added Room: Name=Esquematico
